0 info it worked if it ends with ok
1 verbose cli [ '/usr/local/bin/node', '/usr/local/bin/npm', 'install' ]
2 info using npm@2.5.1
3 info using node@v0.12.0
4 warn package.json bridgetowncomedy.com@0.1.0 No description
5 warn package.json bridgetowncomedy.com@0.1.0 No README data
6 verbose install where, deps [ '/Users/joshuabremer/sites/bridgetowncomedy.com',
6 verbose install   [ 'strip-bom',
6 verbose install     'grunt',
6 verbose install     'grunt-contrib-jshint',
6 verbose install     'grunt-contrib-nodeunit',
6 verbose install     'grunt-contrib-uglify',
6 verbose install     'grunt-contrib-watch',
6 verbose install     'grunt-contrib-compass',
6 verbose install     'grunt-contrib-clean',
6 verbose install     'grunt-contrib-jasmine',
6 verbose install     'grunt-shell',
6 verbose install     'grunt-reload',
6 verbose install     'grunt-imageoptim',
6 verbose install     'easyimage',
6 verbose install     'grunt-template',
6 verbose install     'concat',
6 verbose install     'grunt-contrib-concat',
6 verbose install     'moment',
6 verbose install     'node-smushit',
6 verbose install     'grunt-contrib-cssmin',
6 verbose install     'google-calendar',
6 verbose install     'passport',
6 verbose install     'util',
6 verbose install     'express',
6 verbose install     'needle',
6 verbose install     'passport-google-oauth',
6 verbose install     'grunt-jekyll',
6 verbose install     'underscore',
6 verbose install     'wrench',
6 verbose install     'q',
6 verbose install     'ent',
6 verbose install     'ember-template-compiler',
6 verbose install     'grunt-ember-templates',
6 verbose install     'colors' ] ]
7 verbose install where, peers [ '/Users/joshuabremer/sites/bridgetowncomedy.com', [] ]
8 info preinstall bridgetowncomedy.com@0.1.0
9 warn package.json util@0.10.3 util is also the name of a node core module.
10 verbose already installed skipping grunt-reload@~0.2.0 /Users/joshuabremer/sites/bridgetowncomedy.com
11 verbose already installed skipping grunt-imageoptim@^1.4.1 /Users/joshuabremer/sites/bridgetowncomedy.com
12 verbose already installed skipping easyimage@^0.1.6 /Users/joshuabremer/sites/bridgetowncomedy.com
13 verbose already installed skipping grunt-template@~0.2.3 /Users/joshuabremer/sites/bridgetowncomedy.com
14 verbose already installed skipping concat@^0.2.4 /Users/joshuabremer/sites/bridgetowncomedy.com
15 verbose already installed skipping grunt-contrib-concat@^0.4.0 /Users/joshuabremer/sites/bridgetowncomedy.com
16 verbose already installed skipping moment@^2.5.1 /Users/joshuabremer/sites/bridgetowncomedy.com
17 verbose already installed skipping node-smushit@^0.5.1 /Users/joshuabremer/sites/bridgetowncomedy.com
18 verbose already installed skipping grunt-contrib-cssmin@~0.9.0 /Users/joshuabremer/sites/bridgetowncomedy.com
19 verbose already installed skipping google-calendar@~1.3.1 /Users/joshuabremer/sites/bridgetowncomedy.com
20 verbose already installed skipping passport@~0.2.0 /Users/joshuabremer/sites/bridgetowncomedy.com
21 verbose already installed skipping util@~0.10.3 /Users/joshuabremer/sites/bridgetowncomedy.com
22 verbose already installed skipping express@~4.1.1 /Users/joshuabremer/sites/bridgetowncomedy.com
23 verbose already installed skipping needle@~0.7.1 /Users/joshuabremer/sites/bridgetowncomedy.com
24 verbose already installed skipping passport-google-oauth@~0.1.5 /Users/joshuabremer/sites/bridgetowncomedy.com
25 verbose already installed skipping grunt-jekyll@~0.4.2 /Users/joshuabremer/sites/bridgetowncomedy.com
26 verbose already installed skipping underscore@~1.7.0 /Users/joshuabremer/sites/bridgetowncomedy.com
27 verbose already installed skipping wrench@~1.5.8 /Users/joshuabremer/sites/bridgetowncomedy.com
28 verbose already installed skipping q@~1.1.2 /Users/joshuabremer/sites/bridgetowncomedy.com
29 verbose already installed skipping ent@~2.0.0 /Users/joshuabremer/sites/bridgetowncomedy.com
30 verbose already installed skipping ember-template-compiler@~1.9.0-alpha /Users/joshuabremer/sites/bridgetowncomedy.com
31 verbose already installed skipping grunt-ember-templates@~0.5.0-alpha /Users/joshuabremer/sites/bridgetowncomedy.com
32 verbose already installed skipping colors@~1.0.3 /Users/joshuabremer/sites/bridgetowncomedy.com
33 verbose already installed skipping strip-bom@~1.0.0 /Users/joshuabremer/sites/bridgetowncomedy.com
34 verbose already installed skipping grunt@~0.4.2 /Users/joshuabremer/sites/bridgetowncomedy.com
35 verbose already installed skipping grunt-contrib-jshint@~0.8.0 /Users/joshuabremer/sites/bridgetowncomedy.com
36 verbose already installed skipping grunt-contrib-nodeunit@~0.2.0 /Users/joshuabremer/sites/bridgetowncomedy.com
37 verbose already installed skipping grunt-contrib-uglify@~0.2.2 /Users/joshuabremer/sites/bridgetowncomedy.com
38 verbose already installed skipping grunt-contrib-watch@~0.5.3 /Users/joshuabremer/sites/bridgetowncomedy.com
39 verbose already installed skipping grunt-contrib-compass@~0.7.2 /Users/joshuabremer/sites/bridgetowncomedy.com
40 verbose already installed skipping grunt-contrib-clean@~0.5.0 /Users/joshuabremer/sites/bridgetowncomedy.com
41 verbose already installed skipping grunt-contrib-jasmine@~0.6.1 /Users/joshuabremer/sites/bridgetowncomedy.com
42 verbose already installed skipping grunt-shell@~0.6.4 /Users/joshuabremer/sites/bridgetowncomedy.com
43 silly install resolved []
44 info build /Users/joshuabremer/sites/bridgetowncomedy.com
45 verbose linkStuff [ false, false, false, '/Users/joshuabremer/sites' ]
46 info linkStuff bridgetowncomedy.com@0.1.0
47 verbose linkBins bridgetowncomedy.com@0.1.0
48 verbose linkMans bridgetowncomedy.com@0.1.0
49 verbose rebuildBundles bridgetowncomedy.com@0.1.0
50 verbose rebuildBundles [ '.DS_Store',
50 verbose rebuildBundles   '.bin',
50 verbose rebuildBundles   'colors',
50 verbose rebuildBundles   'concat',
50 verbose rebuildBundles   'easyimage',
50 verbose rebuildBundles   'ember-template-compiler',
50 verbose rebuildBundles   'ent',
50 verbose rebuildBundles   'express',
50 verbose rebuildBundles   'google-calendar',
50 verbose rebuildBundles   'grunt',
50 verbose rebuildBundles   'grunt-contrib-clean',
50 verbose rebuildBundles   'grunt-contrib-compass',
50 verbose rebuildBundles   'grunt-contrib-concat',
50 verbose rebuildBundles   'grunt-contrib-cssmin',
50 verbose rebuildBundles   'grunt-contrib-handlebars',
50 verbose rebuildBundles   'grunt-contrib-jasmine',
50 verbose rebuildBundles   'grunt-contrib-jshint',
50 verbose rebuildBundles   'grunt-contrib-nodeunit',
50 verbose rebuildBundles   'grunt-contrib-uglify',
50 verbose rebuildBundles   'grunt-contrib-watch',
50 verbose rebuildBundles   'grunt-ember-template-compiler',
50 verbose rebuildBundles   'grunt-ember-templates',
50 verbose rebuildBundles   'grunt-imageoptim',
50 verbose rebuildBundles   'grunt-jekyll',
50 verbose rebuildBundles   'grunt-reload',
50 verbose rebuildBundles   'grunt-shell',
50 verbose rebuildBundles   'grunt-template',
50 verbose rebuildBundles   'handlebars',
50 verbose rebuildBundles   'moment',
50 verbose rebuildBundles   'needle',
50 verbose rebuildBundles   'node-curl',
50 verbose rebuildBundles   'node-smushit',
50 verbose rebuildBundles   'passport',
50 verbose rebuildBundles   'passport-google-oauth',
50 verbose rebuildBundles   'q',
50 verbose rebuildBundles   'strip-bom',
50 verbose rebuildBundles   'underscore',
50 verbose rebuildBundles   'util',
50 verbose rebuildBundles   'wrench' ]
51 verbose rebuild bundle /Users/joshuabremer/sites/bridgetowncomedy.com/node_modules/grunt-contrib-handlebars
52 info build /Users/joshuabremer/sites/bridgetowncomedy.com/node_modules/grunt-contrib-handlebars
53 info preinstall grunt-contrib-handlebars@0.6.1
54 verbose linkStuff [ false,
54 verbose linkStuff   false,
54 verbose linkStuff   false,
54 verbose linkStuff   '/Users/joshuabremer/sites/bridgetowncomedy.com/node_modules' ]
55 info linkStuff grunt-contrib-handlebars@0.6.1
56 verbose linkBins grunt-contrib-handlebars@0.6.1
57 verbose linkMans grunt-contrib-handlebars@0.6.1
58 verbose rebuildBundles grunt-contrib-handlebars@0.6.1
59 verbose rebuildBundles [ '.bin', 'chalk', 'grunt-lib-contrib', 'handlebars' ]
60 info install grunt-contrib-handlebars@0.6.1
61 info postinstall grunt-contrib-handlebars@0.6.1
62 verbose rebuild bundle /Users/joshuabremer/sites/bridgetowncomedy.com/node_modules/grunt-ember-template-compiler
63 info build /Users/joshuabremer/sites/bridgetowncomedy.com/node_modules/grunt-ember-template-compiler
64 info preinstall grunt-ember-template-compiler@1.3.0
65 verbose linkStuff [ false,
65 verbose linkStuff   false,
65 verbose linkStuff   false,
65 verbose linkStuff   '/Users/joshuabremer/sites/bridgetowncomedy.com/node_modules' ]
66 info linkStuff grunt-ember-template-compiler@1.3.0
67 verbose linkBins grunt-ember-template-compiler@1.3.0
68 verbose linkMans grunt-ember-template-compiler@1.3.0
69 verbose rebuildBundles grunt-ember-template-compiler@1.3.0
70 verbose rebuildBundles [ '.bin',
70 verbose rebuildBundles   'ember-template-compiler',
70 verbose rebuildBundles   'glob',
70 verbose rebuildBundles   'handlebars',
70 verbose rebuildBundles   'mkdirp' ]
71 verbose rebuild bundle /Users/joshuabremer/sites/bridgetowncomedy.com/node_modules/grunt-ember-template-compiler/node_modules/handlebars
72 info build /Users/joshuabremer/sites/bridgetowncomedy.com/node_modules/grunt-ember-template-compiler/node_modules/handlebars
73 info preinstall handlebars@1.3.0
74 verbose linkStuff [ false,
74 verbose linkStuff   false,
74 verbose linkStuff   false,
74 verbose linkStuff   '/Users/joshuabremer/sites/bridgetowncomedy.com/node_modules/grunt-ember-template-compiler/node_modules' ]
75 info linkStuff handlebars@1.3.0
76 verbose linkBins handlebars@1.3.0
77 verbose link bins [ { handlebars: 'bin/handlebars' },
77 verbose link bins   '/Users/joshuabremer/sites/bridgetowncomedy.com/node_modules/grunt-ember-template-compiler/node_modules/.bin',
77 verbose link bins   false ]
78 verbose linkMans handlebars@1.3.0
79 verbose rebuildBundles handlebars@1.3.0
80 verbose rebuildBundles [ '.bin', 'optimist', 'uglify-js' ]
81 verbose gentlyRm vacuuming /Users/joshuabremer/sites/bridgetowncomedy.com/node_modules/grunt-ember-template-compiler/node_modules/.bin/handlebars
82 silly gentlyRm purging /Users/joshuabremer/sites/bridgetowncomedy.com/node_modules/grunt-ember-template-compiler/node_modules/.bin/handlebars
83 silly gentlyRm quitting because other entries in /Users/joshuabremer/sites/bridgetowncomedy.com/node_modules/grunt-ember-template-compiler/node_modules/.bin
84 info install handlebars@1.3.0
85 info postinstall handlebars@1.3.0
86 info install grunt-ember-template-compiler@1.3.0
87 info postinstall grunt-ember-template-compiler@1.3.0
88 verbose rebuild bundle /Users/joshuabremer/sites/bridgetowncomedy.com/node_modules/handlebars
89 info build /Users/joshuabremer/sites/bridgetowncomedy.com/node_modules/handlebars
90 info preinstall handlebars@2.0.0
91 verbose linkStuff [ false,
91 verbose linkStuff   false,
91 verbose linkStuff   false,
91 verbose linkStuff   '/Users/joshuabremer/sites/bridgetowncomedy.com/node_modules' ]
92 info linkStuff handlebars@2.0.0
93 verbose linkBins handlebars@2.0.0
94 verbose link bins [ { handlebars: 'bin/handlebars' },
94 verbose link bins   '/Users/joshuabremer/sites/bridgetowncomedy.com/node_modules/.bin',
94 verbose link bins   false ]
95 verbose linkMans handlebars@2.0.0
96 verbose rebuildBundles handlebars@2.0.0
97 verbose rebuildBundles [ '.bin', 'optimist', 'uglify-js' ]
98 verbose gentlyRm vacuuming /Users/joshuabremer/sites/bridgetowncomedy.com/node_modules/.bin/handlebars
99 silly gentlyRm purging /Users/joshuabremer/sites/bridgetowncomedy.com/node_modules/.bin/handlebars
100 silly gentlyRm quitting because other entries in /Users/joshuabremer/sites/bridgetowncomedy.com/node_modules/.bin
101 info install handlebars@2.0.0
102 info postinstall handlebars@2.0.0
103 verbose rebuild bundle /Users/joshuabremer/sites/bridgetowncomedy.com/node_modules/node-curl
104 info build /Users/joshuabremer/sites/bridgetowncomedy.com/node_modules/node-curl
105 info preinstall node-curl@0.3.3
106 verbose linkStuff [ false,
106 verbose linkStuff   false,
106 verbose linkStuff   false,
106 verbose linkStuff   '/Users/joshuabremer/sites/bridgetowncomedy.com/node_modules' ]
107 info linkStuff node-curl@0.3.3
108 verbose linkBins node-curl@0.3.3
109 verbose linkMans node-curl@0.3.3
110 verbose rebuildBundles node-curl@0.3.3
111 info install node-curl@0.3.3
112 verbose unsafe-perm in lifecycle true
113 info node-curl@0.3.3 Failed to exec install script
114 verbose stack Error: node-curl@0.3.3 install: `sh src/generate_curl_options_list.sh && (node-gyp rebuild || node-waf configure build)`
114 verbose stack Exit status 127
114 verbose stack     at EventEmitter.<anonymous> (/usr/local/lib/node_modules/npm/lib/utils/lifecycle.js:213:16)
114 verbose stack     at EventEmitter.emit (events.js:110:17)
114 verbose stack     at ChildProcess.<anonymous> (/usr/local/lib/node_modules/npm/lib/utils/spawn.js:14:12)
114 verbose stack     at ChildProcess.emit (events.js:110:17)
114 verbose stack     at maybeClose (child_process.js:1008:16)
114 verbose stack     at Process.ChildProcess._handle.onexit (child_process.js:1080:5)
115 verbose pkgid node-curl@0.3.3
116 verbose cwd /Users/joshuabremer/sites/bridgetowncomedy.com
117 error Darwin 14.3.0
118 error argv "/usr/local/bin/node" "/usr/local/bin/npm" "install"
119 error node v0.12.0
120 error npm  v2.5.1
121 error code ELIFECYCLE
122 error node-curl@0.3.3 install: `sh src/generate_curl_options_list.sh && (node-gyp rebuild || node-waf configure build)`
122 error Exit status 127
123 error Failed at the node-curl@0.3.3 install script 'sh src/generate_curl_options_list.sh && (node-gyp rebuild || node-waf configure build)'.
123 error This is most likely a problem with the node-curl package,
123 error not with npm itself.
123 error Tell the author that this fails on your system:
123 error     sh src/generate_curl_options_list.sh && (node-gyp rebuild || node-waf configure build)
123 error You can get their info via:
123 error     npm owner ls node-curl
123 error There is likely additional logging output above.
124 verbose exit [ 1, true ]
